<?xml version="1.0" encoding="UTF-8"?>
<testsuite name="br.ufpe.cin.residencia.loja.checkout.ServicoCheckoutTest" tests="9" skipped="0" failures="0" errors="0" timestamp="2026-01-31T17:12:11.436Z" hostname="DESKTOP-C0LRCO9" time="0.029">
  <properties/>
  <testcase name="deveFalharNoConstrutorComDependenciasNulas()" classname="br.ufpe.cin.residencia.loja.checkout.ServicoCheckoutTest" time="0.005"/>
  <testcase name="deveFinalizarCompraSemCupom()" classname="br.ufpe.cin.residencia.loja.checkout.ServicoCheckoutTest" time="0.013"/>
  <testcase name="deveMarcarCupomComoUsadoQuandoUsoUnico()" classname="br.ufpe.cin.residencia.loja.checkout.ServicoCheckoutTest" time="0.002"/>
  <testcase name="deveFalharComCupomInexistente()" classname="br.ufpe.cin.residencia.loja.checkout.ServicoCheckoutTest" time="0.003"/>
  <testcase name="deveFalharQuandoNaoHaEstoqueSuficiente()" classname="br.ufpe.cin.residencia.loja.checkout.ServicoCheckoutTest" time="0.001"/>
  <testcase name="deveFalharComEntradasNulas()" classname="br.ufpe.cin.residencia.loja.checkout.ServicoCheckoutTest" time="0.001"/>
  <testcase name="deveZerarDescontoQuandoPagamentoEhBoletoESubtotalMenorQue200()" classname="br.ufpe.cin.residencia.loja.checkout.ServicoCheckoutTest" time="0.001"/>
  <testcase name="deveFalharQuandoCarrinhoEstaVazio()" classname="br.ufpe.cin.residencia.loja.checkout.ServicoCheckoutTest" time="0.001"/>
  <testcase name="deveFalharComSkuInexistenteNoCatalogo()" classname="br.ufpe.cin.residencia.loja.checkout.ServicoCheckoutTest" time="0.001"/>
  <system-out><![CDATA[]]></system-out>
  <system-err><![CDATA[]]></system-err>
</testsuite>
