<?xml version="1.0" encoding="UTF-8"?>
<testsuite name="br.ufpe.cin.residencia.loja.dominio.CarrinhoTest" tests="8" skipped="0" failures="0" errors="0" timestamp="2026-01-31T17:12:11.487Z" hostname="DESKTOP-C0LRCO9" time="0.008">
  <properties/>
  <testcase name="adicionarQuantidadeZeroOuNegativaLancaExcecao()" classname="br.ufpe.cin.residencia.loja.dominio.CarrinhoTest" time="0.003"/>
  <testcase name="adicionarItemNuloLancaExcecao()" classname="br.ufpe.cin.residencia.loja.dominio.CarrinhoTest" time="0.001"/>
  <testcase name="pesoTotalEhSomaDoPesoDasLinhas()" classname="br.ufpe.cin.residencia.loja.dominio.CarrinhoTest" time="0.0"/>
  <testcase name="carrinhoNaoEhVazioAposAdicionarItem()" classname="br.ufpe.cin.residencia.loja.dominio.CarrinhoTest" time="0.0"/>
  <testcase name="carrinhoNovoEhVazio()" classname="br.ufpe.cin.residencia.loja.dominio.CarrinhoTest" time="0.0"/>
  <testcase name="subtotalSomaTotalDasLinhas()" classname="br.ufpe.cin.residencia.loja.dominio.CarrinhoTest" time="0.0"/>
  <testcase name="linhasDoCarrinhoSaoImutaveis()" classname="br.ufpe.cin.residencia.loja.dominio.CarrinhoTest" time="0.001"/>
  <testcase name="adicionarItemCriaLinhaNoCarrinho()" classname="br.ufpe.cin.residencia.loja.dominio.CarrinhoTest" time="0.001"/>
  <system-out><![CDATA[]]></system-out>
  <system-err><![CDATA[]]></system-err>
</testsuite>
