<?xml version="1.0" encoding="UTF-8"?>
<testsuite name="br.ufpe.cin.residencia.loja.cli.MainTest" tests="3" skipped="0" failures="0" errors="0" timestamp="2026-01-31T20:14:52.368Z" hostname="DESKTOP-C0LRCO9" time="0.028">
  <properties/>
  <testcase name="deveFinalizarCompraVazia()" classname="br.ufpe.cin.residencia.loja.cli.MainTest" time="0.023"/>
  <testcase name="deveRodarMenuSairSemErro()" classname="br.ufpe.cin.residencia.loja.cli.MainTest" time="0.002"/>
  <testcase name="deveEscolherFreteExpresso()" classname="br.ufpe.cin.residencia.loja.cli.MainTest" time="0.002"/>
  <system-out><![CDATA[]]></system-out>
  <system-err><![CDATA[]]></system-err>
</testsuite>
