<?xml version="1.0" encoding="UTF-8"?>
<testsuite name="br.ufpe.cin.residencia.loja.pagamento.PoliticaDescontoPagamentoTest" tests="7" skipped="0" failures="0" errors="0" timestamp="2026-01-31T17:12:11.608Z" hostname="DESKTOP-C0LRCO9" time="0.003">
  <properties/>
  <testcase name="boletoSemCupomDaDoisPorcento()" classname="br.ufpe.cin.residencia.loja.pagamento.PoliticaDescontoPagamentoTest" time="0.0"/>
  <testcase name="boletoComCupomDesconto5NaoDaDescontoPagamento()" classname="br.ufpe.cin.residencia.loja.pagamento.PoliticaDescontoPagamentoTest" time="0.0"/>
  <testcase name="pixComCupomPorcento10NaoDaDescontoPagamento()" classname="br.ufpe.cin.residencia.loja.pagamento.PoliticaDescontoPagamentoTest" time="0.0"/>
  <testcase name="pixSemCupomDaCincoPorcento()" classname="br.ufpe.cin.residencia.loja.pagamento.PoliticaDescontoPagamentoTest" time="0.0"/>
  <testcase name="baseNegativaNuncaDaDesconto()" classname="br.ufpe.cin.residencia.loja.pagamento.PoliticaDescontoPagamentoTest" time="0.0"/>
  <testcase name="pixComCupomPorcento20VipNaoDaDescontoPagamento()" classname="br.ufpe.cin.residencia.loja.pagamento.PoliticaDescontoPagamentoTest" time="0.001"/>
  <testcase name="cartaoNuncaDaDesconto()" classname="br.ufpe.cin.residencia.loja.pagamento.PoliticaDescontoPagamentoTest" time="0.0"/>
  <system-out><![CDATA[]]></system-out>
  <system-err><![CDATA[]]></system-err>
</testsuite>
