<?xml version="1.0" encoding="UTF-8"?>
<testsuite name="br.ufpe.cin.residencia.loja.dominio.LinhaCarrinhoTest" tests="2" skipped="0" failures="0" errors="0" timestamp="2026-02-02T21:56:59.321Z" hostname="DESKTOP-C0LRCO9" time="0.001">
  <properties/>
  <testcase name="pesoDaLinhaEhPesoVezesQuantidade()" classname="br.ufpe.cin.residencia.loja.dominio.LinhaCarrinhoTest" time="0.0"/>
  <testcase name="totalDaLinhaEhPrecoVezesQuantidade()" classname="br.ufpe.cin.residencia.loja.dominio.LinhaCarrinhoTest" time="0.0"/>
  <system-out><![CDATA[]]></system-out>
  <system-err><![CDATA[]]></system-err>
</testsuite>
