<?xml version="1.0" encoding="UTF-8"?>
<testsuite name="br.ufpe.cin.residencia.loja.persistencia.RepositorioPedidosArquivoCSVTest" tests="16" skipped="0" failures="0" errors="0" timestamp="2026-02-02T21:56:59.472Z" hostname="DESKTOP-C0LRCO9" time="0.098">
  <properties/>
  <testcase name="deveFalharParsePedidoComCamposInvalidos()" classname="br.ufpe.cin.residencia.loja.persistencia.RepositorioPedidosArquivoCSVTest" time="0.012"/>
  <testcase name="deveLancarExcecaoQuandoPedidoNaoExiste()" classname="br.ufpe.cin.residencia.loja.persistencia.RepositorioPedidosArquivoCSVTest" time="0.003"/>
  <testcase name="deveLancarExcecaoSeTextoVazio()" classname="br.ufpe.cin.residencia.loja.persistencia.RepositorioPedidosArquivoCSVTest" time="0.003"/>
  <testcase name="deveFalharParseItensEmPedido()" classname="br.ufpe.cin.residencia.loja.persistencia.RepositorioPedidosArquivoCSVTest" time="0.008"/>
  <testcase name="deveLancarExcecaoSeItemInvalido()" classname="br.ufpe.cin.residencia.loja.persistencia.RepositorioPedidosArquivoCSVTest" time="0.003"/>
  <testcase name="deveLancarExcecaoAoCriarArquivoVazio()" classname="br.ufpe.cin.residencia.loja.persistencia.RepositorioPedidosArquivoCSVTest" time="0.004"/>
  <testcase name="deveFalharAoSalvarPedidoComErro()" classname="br.ufpe.cin.residencia.loja.persistencia.RepositorioPedidosArquivoCSVTest" time="0.007"/>
  <testcase name="deveCobrirCatchDeCriarArquivoVazio()" classname="br.ufpe.cin.residencia.loja.persistencia.RepositorioPedidosArquivoCSVTest" time="0.004"/>
  <testcase name="deveAtualizarPedidoExistente()" classname="br.ufpe.cin.residencia.loja.persistencia.RepositorioPedidosArquivoCSVTest" time="0.005"/>
  <testcase name="deveLancarExcecaoAoCriarArquivoVazioComDiretorioComoArquivo()" classname="br.ufpe.cin.residencia.loja.persistencia.RepositorioPedidosArquivoCSVTest" time="0.003"/>
  <testcase name="deveLancarExcecaoQuandoPedidoNulo()" classname="br.ufpe.cin.residencia.loja.persistencia.RepositorioPedidosArquivoCSVTest" time="0.012"/>
  <testcase name="deveCobrirCatchDoParsePedido()" classname="br.ufpe.cin.residencia.loja.persistencia.RepositorioPedidosArquivoCSVTest" time="0.005"/>
  <testcase name="deveAtivarConstrutorDefault()" classname="br.ufpe.cin.residencia.loja.persistencia.RepositorioPedidosArquivoCSVTest" time="0.004"/>
  <testcase name="deveIgnorarLinhasVaziasECabecalho()" classname="br.ufpe.cin.residencia.loja.persistencia.RepositorioPedidosArquivoCSVTest" time="0.004"/>
  <testcase name="deveRetornarPedidoExistente()" classname="br.ufpe.cin.residencia.loja.persistencia.RepositorioPedidosArquivoCSVTest" time="0.004"/>
  <testcase name="deveFalharParseEnumsEDinheiro()" classname="br.ufpe.cin.residencia.loja.persistencia.RepositorioPedidosArquivoCSVTest" time="0.013"/>
  <system-out><![CDATA[]]></system-out>
  <system-err><![CDATA[]]></system-err>
</testsuite>
