<?xml version="1.0" encoding="UTF-8"?>
<testsuite name="br.ufpe.cin.residencia.loja.checkout.ServicoCheckoutTest" tests="11" skipped="0" failures="0" errors="0" timestamp="2026-02-02T21:56:59.141Z" hostname="DESKTOP-C0LRCO9" time="0.114">
  <properties/>
  <testcase name="deveFalharNoConstrutorComDependenciasNulas()" classname="br.ufpe.cin.residencia.loja.checkout.ServicoCheckoutTest" time="0.022"/>
  <testcase name="deveFinalizarCompraSemCupom()" classname="br.ufpe.cin.residencia.loja.checkout.ServicoCheckoutTest" time="0.016"/>
  <testcase name="registrarUsoCupomMarcaComoUsado()" classname="br.ufpe.cin.residencia.loja.checkout.ServicoCheckoutTest" time="0.032"/>
  <testcase name="deveMarcarCupomComoUsadoQuandoUsoUnico()" classname="br.ufpe.cin.residencia.loja.checkout.ServicoCheckoutTest" time="0.014"/>
  <testcase name="deveFalharComCupomInexistente()" classname="br.ufpe.cin.residencia.loja.checkout.ServicoCheckoutTest" time="0.003"/>
  <testcase name="deveFalharQuandoNaoHaEstoqueSuficiente()" classname="br.ufpe.cin.residencia.loja.checkout.ServicoCheckoutTest" time="0.003"/>
  <testcase name="deveFalharComEntradasNulas()" classname="br.ufpe.cin.residencia.loja.checkout.ServicoCheckoutTest" time="0.004"/>
  <testcase name="deveCriarDiretorioPaiEArquivoQuandoParentNaoExiste()" classname="br.ufpe.cin.residencia.loja.checkout.ServicoCheckoutTest" time="0.004"/>
  <testcase name="deveZerarDescontoQuandoPagamentoEhBoletoESubtotalMenorQue200()" classname="br.ufpe.cin.residencia.loja.checkout.ServicoCheckoutTest" time="0.003"/>
  <testcase name="deveFalharQuandoCarrinhoEstaVazio()" classname="br.ufpe.cin.residencia.loja.checkout.ServicoCheckoutTest" time="0.002"/>
  <testcase name="deveFalharComSkuInexistenteNoCatalogo()" classname="br.ufpe.cin.residencia.loja.checkout.ServicoCheckoutTest" time="0.003"/>
  <system-out><![CDATA[]]></system-out>
  <system-err><![CDATA[]]></system-err>
</testsuite>
