<?xml version="1.0" encoding="UTF-8"?>
<testsuite name="br.ufpe.cin.residencia.loja.persistencia.RepositorioPedidosTest" tests="3" skipped="0" failures="0" errors="0" timestamp="2026-01-31T20:14:52.605Z" hostname="DESKTOP-C0LRCO9" time="0.002">
  <properties/>
  <testcase name="deveSalvarEObterPedido()" classname="br.ufpe.cin.residencia.loja.persistencia.RepositorioPedidosTest" time="0.0"/>
  <testcase name="deveAtualizarPedido()" classname="br.ufpe.cin.residencia.loja.persistencia.RepositorioPedidosTest" time="0.0"/>
  <testcase name="deveListarTodosPedidos()" classname="br.ufpe.cin.residencia.loja.persistencia.RepositorioPedidosTest" time="0.001"/>
  <system-out><![CDATA[]]></system-out>
  <system-err><![CDATA[]]></system-err>
</testsuite>
