<?xml version="1.0" encoding="UTF-8"?>
<testsuite name="br.ufpe.cin.residencia.loja.checkout.ExcecaoSemEstoqueTest" tests="2" skipped="0" failures="0" errors="0" timestamp="2026-01-31T17:12:11.423Z" hostname="DESKTOP-C0LRCO9" time="0.002">
  <properties/>
  <testcase name="deveSerRuntimeException()" classname="br.ufpe.cin.residencia.loja.checkout.ExcecaoSemEstoqueTest" time="0.001"/>
  <testcase name="deveCriarExcecaoComMensagem()" classname="br.ufpe.cin.residencia.loja.checkout.ExcecaoSemEstoqueTest" time="0.001"/>
  <system-out><![CDATA[]]></system-out>
  <system-err><![CDATA[]]></system-err>
</testsuite>
