<?xml version="1.0" encoding="UTF-8"?>
<testsuite name="br.ufpe.cin.residencia.loja.descontos.PoliticaCupomTest" tests="12" skipped="0" failures="0" errors="0" timestamp="2026-02-02T21:56:59.294Z" hostname="DESKTOP-C0LRCO9" time="0.011">
  <properties/>
  <testcase name="cupomPorcento10AbaixoDoMinimoNaoDaDesconto()" classname="br.ufpe.cin.residencia.loja.descontos.PoliticaCupomTest" time="0.001"/>
  <testcase name="desconto50SoAplicaAcimaDe1000()" classname="br.ufpe.cin.residencia.loja.descontos.PoliticaCupomTest" time="0.001"/>
  <testcase name="validarCupomNuloLancaExcecao()" classname="br.ufpe.cin.residencia.loja.descontos.PoliticaCupomTest" time="0.001"/>
  <testcase name="freteGratisSoComCupomFreteGratisPadraoESubtotalMinimo()" classname="br.ufpe.cin.residencia.loja.descontos.PoliticaCupomTest" time="0.0"/>
  <testcase name="cupomNuloNaoDaDesconto()" classname="br.ufpe.cin.residencia.loja.descontos.PoliticaCupomTest" time="0.001"/>
  <testcase name="validarCupomExpiradoLancaExcecao()" classname="br.ufpe.cin.residencia.loja.descontos.PoliticaCupomTest" time="0.001"/>
  <testcase name="cupomPorcento10ComSubtotalSuficiente()" classname="br.ufpe.cin.residencia.loja.descontos.PoliticaCupomTest" time="0.001"/>
  <testcase name="cupomNuloNaoGeraFreteGratis()" classname="br.ufpe.cin.residencia.loja.descontos.PoliticaCupomTest" time="0.0"/>
  <testcase name="desconto5SoAplicaAcimaDoMinimo()" classname="br.ufpe.cin.residencia.loja.descontos.PoliticaCupomTest" time="0.001"/>
  <testcase name="cupomVipTemLimiteMaximo()" classname="br.ufpe.cin.residencia.loja.descontos.PoliticaCupomTest" time="0.0"/>
  <testcase name="cupomValidoNaoLancaExcecao()" classname="br.ufpe.cin.residencia.loja.descontos.PoliticaCupomTest" time="0.002"/>
  <testcase name="cupomUsoUnicoJaUsadoLancaExcecao()" classname="br.ufpe.cin.residencia.loja.descontos.PoliticaCupomTest" time="0.001"/>
  <system-out><![CDATA[]]></system-out>
  <system-err><![CDATA[]]></system-err>
</testsuite>
