<?xml version="1.0" encoding="UTF-8"?>
<testsuite name="br.ufpe.cin.residencia.loja.io.ExcecaoImportacaoCarrinhoTest" tests="2" skipped="0" failures="0" errors="0" timestamp="2026-01-31T20:14:52.428Z" hostname="DESKTOP-C0LRCO9" time="0.001">
  <properties/>
  <testcase name="construtorComMensagemDefineMensagemCorretamente()" classname="br.ufpe.cin.residencia.loja.io.ExcecaoImportacaoCarrinhoTest" time="0.0"/>
  <testcase name="construtorComMensagemECausaDefineCorretamente()" classname="br.ufpe.cin.residencia.loja.io.ExcecaoImportacaoCarrinhoTest" time="0.0"/>
  <system-out><![CDATA[]]></system-out>
  <system-err><![CDATA[]]></system-err>
</testsuite>
