<?xml version="1.0" encoding="UTF-8"?>
<testsuite name="br.ufpe.cin.residencia.loja.pedidos.ExcecaoPedidoJaReembolsadoTest" tests="1" skipped="0" failures="0" errors="0" timestamp="2026-02-02T21:56:59.439Z" hostname="DESKTOP-C0LRCO9" time="0.0">
  <properties/>
  <testcase name="construtorDefineMensagemCorretamente()" classname="br.ufpe.cin.residencia.loja.pedidos.ExcecaoPedidoJaReembolsadoTest" time="0.0"/>
  <system-out><![CDATA[]]></system-out>
  <system-err><![CDATA[]]></system-err>
</testsuite>
