<?xml version="1.0" encoding="UTF-8"?>
<testsuite name="br.ufpe.cin.residencia.loja.pedidos.PedidoTest" tests="10" skipped="0" failures="0" errors="0" timestamp="2026-01-31T17:12:11.621Z" hostname="DESKTOP-C0LRCO9" time="0.007">
  <properties/>
  <testcase name="construtorRejeitaDataCriacaoNula()" classname="br.ufpe.cin.residencia.loja.pedidos.PedidoTest" time="0.0"/>
  <testcase name="construtorRejeitaTotalNegativo()" classname="br.ufpe.cin.residencia.loja.pedidos.PedidoTest" time="0.0"/>
  <testcase name="construtorRejeitaValoresMonetariosNulos()" classname="br.ufpe.cin.residencia.loja.pedidos.PedidoTest" time="0.001"/>
  <testcase name="construtorRejeitaFreteOuPagamentoNulos()" classname="br.ufpe.cin.residencia.loja.pedidos.PedidoTest" time="0.001"/>
  <testcase name="marcarReembolsadoAtualizaStatusEData()" classname="br.ufpe.cin.residencia.loja.pedidos.PedidoTest" time="0.0"/>
  <testcase name="marcarReembolsadoComDataNulaLancaExcecao()" classname="br.ufpe.cin.residencia.loja.pedidos.PedidoTest" time="0.0"/>
  <testcase name="construtorRejeitaIdNuloOuEmBranco()" classname="br.ufpe.cin.residencia.loja.pedidos.PedidoTest" time="0.001"/>
  <testcase name="construtorRejeitaListaDeItensNulaOuVazia()" classname="br.ufpe.cin.residencia.loja.pedidos.PedidoTest" time="0.0"/>
  <testcase name="marcarReembolsadoDuasVezesLancaExcecao()" classname="br.ufpe.cin.residencia.loja.pedidos.PedidoTest" time="0.0"/>
  <testcase name="criaPedidoValidoComStatusPadraoPago()" classname="br.ufpe.cin.residencia.loja.pedidos.PedidoTest" time="0.0"/>
  <system-out><![CDATA[]]></system-out>
  <system-err><![CDATA[]]></system-err>
</testsuite>
