<?xml version="1.0" encoding="UTF-8"?>
<testsuite name="br.ufpe.cin.residencia.loja.checkout.ExcecaoSemEstoqueTest" tests="2" skipped="0" failures="0" errors="0" timestamp="2026-02-02T21:56:59.128Z" hostname="DESKTOP-C0LRCO9" time="0.001">
  <properties/>
  <testcase name="deveSerRuntimeException()" classname="br.ufpe.cin.residencia.loja.checkout.ExcecaoSemEstoqueTest" time="0.0"/>
  <testcase name="deveCriarExcecaoComMensagem()" classname="br.ufpe.cin.residencia.loja.checkout.ExcecaoSemEstoqueTest" time="0.0"/>
  <system-out><![CDATA[]]></system-out>
  <system-err><![CDATA[]]></system-err>
</testsuite>
