<?xml version="1.0" encoding="UTF-8"?>
<testsuite name="br.ufpe.cin.residencia.loja.pedidos.ServicoReembolsoTest" tests="3" skipped="0" failures="0" errors="0" timestamp="2026-01-31T17:12:11.629Z" hostname="DESKTOP-C0LRCO9" time="0.002">
  <properties/>
  <testcase name="construtorNaoAceitaDependenciasNulas()" classname="br.ufpe.cin.residencia.loja.pedidos.ServicoReembolsoTest" time="0.0"/>
  <testcase name="reembolsarPedidoPagoReporEstoqueAtualizaPedido()" classname="br.ufpe.cin.residencia.loja.pedidos.ServicoReembolsoTest" time="0.001"/>
  <testcase name="reembolsarPedidoJaReembolsadoLancaExcecao()" classname="br.ufpe.cin.residencia.loja.pedidos.ServicoReembolsoTest" time="0.001"/>
  <system-out><![CDATA[]]></system-out>
  <system-err><![CDATA[]]></system-err>
</testsuite>
