<?xml version="1.0" encoding="UTF-8"?>
<testsuite name="br.ufpe.cin.residencia.loja.checkout.ExcecaoCupomExpiradoTest" tests="2" skipped="0" failures="0" errors="0" timestamp="2026-01-31T17:12:11.386Z" hostname="DESKTOP-C0LRCO9" time="0.027">
  <properties/>
  <testcase name="deveSerRuntimeException()" classname="br.ufpe.cin.residencia.loja.checkout.ExcecaoCupomExpiradoTest" time="0.023"/>
  <testcase name="deveCriarExcecaoComMensagem()" classname="br.ufpe.cin.residencia.loja.checkout.ExcecaoCupomExpiradoTest" time="0.004"/>
  <system-out><![CDATA[]]></system-out>
  <system-err><![CDATA[]]></system-err>
</testsuite>
