<?xml version="1.0" encoding="UTF-8"?>
<testsuite name="br.ufpe.cin.residencia.loja.frete.CalculadoraFreteTest" tests="4" skipped="0" failures="0" errors="0" timestamp="2026-02-02T21:56:59.323Z" hostname="DESKTOP-C0LRCO9" time="0.002">
  <properties/>
  <testcase name="freteNormalAcimaDeCincoQuilosTemAdicionalVinteCinco()" classname="br.ufpe.cin.residencia.loja.frete.CalculadoraFreteTest" time="0.0"/>
  <testcase name="freteNormalEntreUmEQuatroQuilosTemAdicionalDez()" classname="br.ufpe.cin.residencia.loja.frete.CalculadoraFreteTest" time="0.0"/>
  <testcase name="freteExpressoAteUmQuiloNaoTemAdicional()" classname="br.ufpe.cin.residencia.loja.frete.CalculadoraFreteTest" time="0.0"/>
  <testcase name="freteNormalAte1kg()" classname="br.ufpe.cin.residencia.loja.frete.CalculadoraFreteTest" time="0.0"/>
  <system-out><![CDATA[]]></system-out>
  <system-err><![CDATA[]]></system-err>
</testsuite>
