<?xml version="1.0" encoding="UTF-8"?>
<testsuite name="br.ufpe.cin.residencia.loja.dominio.DinheiroTest" tests="7" skipped="0" failures="0" errors="0" timestamp="2026-01-31T20:14:52.421Z" hostname="DESKTOP-C0LRCO9" time="0.003">
  <properties/>
  <testcase name="clampMinZero()" classname="br.ufpe.cin.residencia.loja.dominio.DinheiroTest" time="0.0"/>
  <testcase name="ehNegativo()" classname="br.ufpe.cin.residencia.loja.dominio.DinheiroTest" time="0.001"/>
  <testcase name="somarValores()" classname="br.ufpe.cin.residencia.loja.dominio.DinheiroTest" time="0.0"/>
  <testcase name="maiorOuIgualTrueEFalse()" classname="br.ufpe.cin.residencia.loja.dominio.DinheiroTest" time="0.0"/>
  <testcase name="zeroCriaValorZero()" classname="br.ufpe.cin.residencia.loja.dominio.DinheiroTest" time="0.0"/>
  <testcase name="subtrairPodeGerarValorNegativo()" classname="br.ufpe.cin.residencia.loja.dominio.DinheiroTest" time="0.0"/>
  <testcase name="minEMax()" classname="br.ufpe.cin.residencia.loja.dominio.DinheiroTest" time="0.001"/>
  <system-out><![CDATA[]]></system-out>
  <system-err><![CDATA[]]></system-err>
</testsuite>
